<?xml version="1.0" encoding="UTF-8"?>
<!-- Generated by org.testng.reporters.JUnitReportReporter -->
<testsuite skipped="0" hostname="admin-PC" name="com.vtiger.opportunity.SearchOpportunityByContainsOptionWithValidCharactereTc_53" tests="1" failures="0" timestamp="06 Nov 2019 05:12:26 GMT" time="18.442" errors="0">
  <testcase name="SearchOpportunityByContainsOptionWithValidCharacterTc_53Test" time="18.442" classname="com.vtiger.opportunity.SearchOpportunityByContainsOptionWithValidCharactereTc_53"/>
</testsuite> <!-- com.vtiger.opportunity.SearchOpportunityByContainsOptionWithValidCharactereTc_53 -->
