<?xml version="1.0" encoding="UTF-8"?>
<!-- Generated by org.testng.reporters.JUnitReportReporter -->
<testsuite skipped="0" hostname="admin-PC" name="com.vtiger.opportunity.SearchOpportunityByStartWithOptionWithValidNameTc_52" tests="1" failures="0" timestamp="04 Nov 2019 13:46:06 GMT" time="18.652" errors="0">
  <testcase name="SearchOpportunityByStartWithOptionWithValidNameTc_52Test" time="18.652" classname="com.vtiger.opportunity.SearchOpportunityByStartWithOptionWithValidNameTc_52"/>
</testsuite> <!-- com.vtiger.opportunity.SearchOpportunityByStartWithOptionWithValidNameTc_52 -->
