<?xml version="1.0" encoding="UTF-8"?>
<!-- Generated by org.testng.reporters.JUnitReportReporter -->
<testsuite skipped="0" hostname="admin-PC" name="com.vtiger.opportunity.Excel01" tests="1" failures="0" timestamp="05 Nov 2019 10:21:11 GMT" time="1.108" errors="0">
  <testcase name="getval" time="1.108" classname="com.vtiger.opportunity.Excel01"/>
</testsuite> <!-- com.vtiger.opportunity.Excel01 -->
