<?xml version="1.0" encoding="UTF-8"?>
<!-- Generated by org.testng.reporters.JUnitReportReporter -->
<testsuite skipped="0" hostname="admin-PC" name="com.vtiger.opportunity.SearchOpportunityNoByNotEqualOptionWithInvalidCharacterTc_44" tests="1" failures="0" timestamp="04 Nov 2019 13:46:06 GMT" time="17.624" errors="0">
  <testcase name="SearchOpportunityNoByNotEqualOptionWithInvalidCharacterNameTc_44Test" time="17.624" classname="com.vtiger.opportunity.SearchOpportunityNoByNotEqualOptionWithInvalidCharacterTc_44"/>
</testsuite> <!-- com.vtiger.opportunity.SearchOpportunityNoByNotEqualOptionWithInvalidCharacterTc_44 -->
