<?xml version="1.0" encoding="UTF-8"?>
<!-- Generated by org.testng.reporters.JUnitReportReporter -->
<testsuite skipped="0" hostname="admin-PC" name="com.vtiger.opportunity.SearchOpportunityByNotContainsOptionWithValidNameTc_49" tests="1" failures="0" timestamp="04 Nov 2019 13:46:06 GMT" time="18.456" errors="0">
  <testcase name="SearchOpportunityByNotContainsOptionWithValidNameTc_49Test" time="18.456" classname="com.vtiger.opportunity.SearchOpportunityByNotContainsOptionWithValidNameTc_49"/>
</testsuite> <!-- com.vtiger.opportunity.SearchOpportunityByNotContainsOptionWithValidNameTc_49 -->
