<?xml version="1.0" encoding="UTF-8"?>
<!-- Generated by org.testng.reporters.JUnitReportReporter -->
<testsuite skipped="0" hostname="admin-PC" name="com.vtiger.opportunity.SearchOpportunityByEqualsOptionWithValidNameTc_45" tests="1" failures="0" timestamp="06 Nov 2019 05:12:26 GMT" time="16.119" errors="0">
  <testcase name="SearchOpportunityByEqualsOptionWithValidNameTc_45Test" time="16.119" classname="com.vtiger.opportunity.SearchOpportunityByEqualsOptionWithValidNameTc_45"/>
</testsuite> <!-- com.vtiger.opportunity.SearchOpportunityByEqualsOptionWithValidNameTc_45 -->
