<?xml version="1.0" encoding="UTF-8"?>
<!-- Generated by org.testng.reporters.JUnitReportReporter -->
<testsuite skipped="0" hostname="admin-PC" name="com.vtiger.opportunity.SearchOpportunityByNotEqualOptionWithInvalidNameTc_46" tests="1" failures="0" timestamp="04 Nov 2019 13:46:06 GMT" time="15.748" errors="0">
  <testcase name="SearchOpportunityByNotEqualOptionWithInvalidNameTc_46Test" time="15.748" classname="com.vtiger.opportunity.SearchOpportunityByNotEqualOptionWithInvalidNameTc_46"/>
</testsuite> <!-- com.vtiger.opportunity.SearchOpportunityByNotEqualOptionWithInvalidNameTc_46 -->
