<?xml version="1.0" encoding="UTF-8"?>
<!-- Generated by org.testng.reporters.JUnitReportReporter -->
<testsuite skipped="0" hostname="admin-PC" name="com.vtiger.opportunity.SearchOpportunityNameByCharTc_55" tests="1" failures="0" timestamp="07 Nov 2019 07:44:01 GMT" time="16.711" errors="0">
  <testcase name="SearchOpportunityNameByCharTc_55Test" time="16.711" classname="com.vtiger.opportunity.SearchOpportunityNameByCharTc_55"/>
</testsuite> <!-- com.vtiger.opportunity.SearchOpportunityNameByCharTc_55 -->
