<?xml version="1.0" encoding="UTF-8"?>
<!-- Generated by org.testng.reporters.JUnitReportReporter -->
<testsuite skipped="0" hostname="admin-PC" name="com.vtiger.opportunity.SearchOpportunityByNotEqualOptionWithInvalidCharacterNameTc_51" tests="1" failures="0" timestamp="04 Nov 2019 13:46:06 GMT" time="17.909" errors="0">
  <testcase name="SearchOpportunityByNotEqualOptionWithInvalidCharacterNameTc_51Test" time="17.909" classname="com.vtiger.opportunity.SearchOpportunityByNotEqualOptionWithInvalidCharacterNameTc_51"/>
</testsuite> <!-- com.vtiger.opportunity.SearchOpportunityByNotEqualOptionWithInvalidCharacterNameTc_51 -->
