<?xml version="1.0" encoding="UTF-8"?>
<!-- Generated by org.testng.reporters.JUnitReportReporter -->
<testsuite skipped="0" hostname="admin-PC" name="com.vtiger.opportunity.SearchOpportunityNoByNotContainsOptionWithInvalidCharacterTc_43" tests="1" failures="0" timestamp="04 Nov 2019 13:46:06 GMT" time="19.170" errors="0">
  <testcase name="SearchOpportunityNoByNotContainsOptionWithInvalidCharacterTc_43Test" time="19.170" classname="com.vtiger.opportunity.SearchOpportunityNoByNotContainsOptionWithInvalidCharacterTc_43"/>
</testsuite> <!-- com.vtiger.opportunity.SearchOpportunityNoByNotContainsOptionWithInvalidCharacterTc_43 -->
