<?xml version="1.0" encoding="UTF-8"?>
<!-- Generated by org.testng.reporters.JUnitReportReporter -->
<testsuite skipped="0" hostname="admin-PC" name="com.vtiger.opportunity.SearchOpportunityByNotContainsOptionWithInvalidCharacterTc_54" tests="1" failures="0" timestamp="06 Nov 2019 05:08:23 GMT" time="18.973" errors="0">
  <testcase name="SearchOpportunityByNotContainsOptionWithInvalidCharacterTc_54Test" time="18.973" classname="com.vtiger.opportunity.SearchOpportunityByNotContainsOptionWithInvalidCharacterTc_54"/>
</testsuite> <!-- com.vtiger.opportunity.SearchOpportunityByNotContainsOptionWithInvalidCharacterTc_54 -->
