<?xml version="1.0" encoding="UTF-8"?>
<!-- Generated by org.testng.reporters.JUnitReportReporter -->
<testsuite skipped="0" hostname="admin-PC" name="com.vtiger.opportunity.SearchOpportunityByEqualsOptionWithValidNameTc_50" tests="1" failures="0" timestamp="06 Nov 2019 05:08:23 GMT" time="18.700" errors="0">
  <testcase name="SearchOpportunityByEqualsOptionWithValidNameTc_50Test" time="18.700" classname="com.vtiger.opportunity.SearchOpportunityByEqualsOptionWithValidNameTc_50"/>
</testsuite> <!-- com.vtiger.opportunity.SearchOpportunityByEqualsOptionWithValidNameTc_50 -->
