<?xml version="1.0" encoding="UTF-8"?>
<!-- Generated by org.testng.reporters.JUnitReportReporter -->
<testsuite skipped="0" hostname="admin-PC" name="com.vtiger.opportunity.SearchOpportunityByStartWithOptionWithValidCharacterNameTc_47" tests="1" failures="0" timestamp="04 Nov 2019 13:46:06 GMT" time="15.979" errors="0">
  <testcase name="SearchOpportunityByStartWithOptionWithValidCharacterNameTc_47Test" time="15.979" classname="com.vtiger.opportunity.SearchOpportunityByStartWithOptionWithValidCharacterNameTc_47"/>
</testsuite> <!-- com.vtiger.opportunity.SearchOpportunityByStartWithOptionWithValidCharacterNameTc_47 -->
