<?xml version="1.0" encoding="UTF-8"?>
<!-- Generated by org.testng.reporters.JUnitReportReporter -->
<testsuite skipped="0" hostname="admin-PC" name="com.vtiger.opportunity.SearchOpportunityByContainsOptionWithValidNameTc_48" tests="1" failures="0" timestamp="06 Nov 2019 05:12:26 GMT" time="18.068" errors="0">
  <testcase name="SearchOpportunityByContainsOptionWithValidNameTc_48Test" time="18.068" classname="com.vtiger.opportunity.SearchOpportunityByContainsOptionWithValidNameTc_48"/>
</testsuite> <!-- com.vtiger.opportunity.SearchOpportunityByContainsOptionWithValidNameTc_48 -->
