<?xml version="1.0" encoding="UTF-8"?>
<!-- Generated by org.testng.reporters.JUnitReportReporter -->
<testsuite skipped="0" hostname="admin-PC" name="com.vtiger.opportunity.SearchOpportunityNoByContainsOptionWithValidCharacterTc_42" tests="1" failures="0" timestamp="04 Nov 2019 13:46:06 GMT" time="18.236" errors="0">
  <testcase name="SearchOpportunityNoByContainsOptionWithValidCharacterTc_42Test" time="18.236" classname="com.vtiger.opportunity.SearchOpportunityNoByContainsOptionWithValidCharacterTc_42"/>
</testsuite> <!-- com.vtiger.opportunity.SearchOpportunityNoByContainsOptionWithValidCharacterTc_42 -->
